2023.05.05 22:12:21 INFO  Started: Metals version 0.11.12 in workspace 'F:\Spring 2023\V & V\ResRev-1' for client Visual Studio Code 1.78.0.
May 05, 2023 10:12:21 PM org.flywaydb.core.internal.license.VersionPrinter printVersionOnly
INFO: Flyway Community Edition 9.16.3 by Redgate
May 05, 2023 10:12:21 PM org.flywaydb.core.internal.license.VersionPrinter printVersion
INFO: See release notes here: https://rd.gt/416ObMi
May 05, 2023 10:12:21 PM org.flywaydb.core.internal.license.VersionPrinter printVersion
INFO: 
May 05, 2023 10:12:21 PM org.flywaydb.core.internal.database.base.BaseDatabaseType createDatabase
INFO: Database: jdbc:h2:file:F:\Spring 2023\V & V\ResRev-1\.metals\metals (H2 2.1)
May 05, 2023 10:12:21 PM org.flywaydb.core.internal.schemahistory.JdbcTableSchemaHistory allAppliedMigrations
INFO: Schema history table "PUBLIC"."flyway_schema_history" does not exist yet
May 05, 2023 10:12:21 PM org.flywaydb.core.internal.command.DbValidate validate
INFO: Successfully validated 4 migrations (execution time 00:00.032s)
May 05, 2023 10:12:21 PM org.flywaydb.core.internal.schemahistory.JdbcTableSchemaHistory create
INFO: Creating Schema History table "PUBLIC"."flyway_schema_history" ...
May 05, 2023 10:12:21 PM org.flywaydb.core.internal.command.DbMigrate migrateGroup
INFO: Current version of schema "PUBLIC": << Empty Schema >>
May 05, 2023 10:12:21 PM org.flywaydb.core.internal.command.DbMigrate doMigrateGroup
INFO: Migrating schema "PUBLIC" to version "1 - Create tables"
May 05, 2023 10:12:21 PM org.flywaydb.core.internal.command.DbMigrate doMigrateGroup
INFO: Migrating schema "PUBLIC" to version "2 - Server discovery"
May 05, 2023 10:12:21 PM org.flywaydb.core.internal.command.DbMigrate doMigrateGroup
INFO: Migrating schema "PUBLIC" to version "3 - Jar symbols"
May 05, 2023 10:12:21 PM org.flywaydb.core.internal.command.DbMigrate doMigrateGroup
INFO: Migrating schema "PUBLIC" to version "4 - Fingerprints"
May 05, 2023 10:12:21 PM org.flywaydb.core.internal.command.DbMigrate logSummary
INFO: Successfully applied 4 migrations to schema "PUBLIC", now at version v4 (execution time 00:00.065s)
2023.05.05 22:12:21 INFO  time: initialize in 0.75s
2023.05.05 22:12:22 WARN  Build server is not auto-connectable.
2023.05.05 22:12:22 WARN  no build tool detected in workspace 'F:\Spring 2023\V & V\ResRev-1'. The most common cause for this problem is that the editor was opened in the wrong working directory, for example if you use sbt then the workspace directory should contain build.sbt. 
May 05, 2023 10:13:34 PM org.eclipse.lsp4j.jsonrpc.services.GenericEndpoint notify
INFO: Unsupported notification method: $/setTrace
